<?xml version="1.0" encoding="UTF-8"?>
<!-- Generated by org.testng.reporters.JUnitReportReporter -->
<testsuite hostname="DESKTOP-3IP3CUC" failures="0" tests="3" name="Org.Player.list.TestCases" time="0.037" errors="0" timestamp="09 Feb 2023 07:57:32 GMT" skipped="0">
  <testcase classname="Org.Player.list.TestCases" name="GET4ForeignPlayers" time="0.032"/>
  <testcase classname="Org.Player.list.TestCases" name="GETWicketKeeper" time="0.004"/>
  <testcase classname="Org.Player.list.TestCases" name="smoketest" time="0.001"/>
</testsuite> <!-- Org.Player.list.TestCases -->
